750
39
317
477
187
480
556
725
478 974
607 608
834 835
152 153
605
79 80
813 818
172 180
224 226
626
763 765
351
28
968 973
988 993
649
50
5
140
746
830
17
183 190
484 494
73
500
336 339
944
486
446
325
692
126 129
432 438
71 72
368 372
791
209
863
373 376
404
934 940
532
306 321
859
414 415
917
969
1
409 410
899
425
354
809
573 577
364
476 482
528 529
921
261
971
906
854
64 68
722
561
621
132
541
827
26 30
828 846
203
900
792
260
609 615
479
736
937 956
661 664
382 383
914
559
302
569
300
924
124 128
794 798
539
433
219
538
118 131
310 318
941 943
263 264
595 598
244 249
483
139
868 918
347
623
37 40
59 65
567
781 783
333
471 474
962
645
860
718
205
764
929 930
693
531
345 355
230
189
440
221 238
938
267
231 236
644
548 552
160 163
544 545
723
683 685
571 578
320
86 88
493
530
892 897
710 716
431
357
443 445
839
422 424
269 285
606
894 898
384 426
110
202
759 762
728
374
840 841
959
232
311
911 912
778
385 390
799
596
533
648
753 758
256 257
43
597
207 214
820
290 291
931
227 234
882 883
761
537 542
865
442
903 910
495 496
851
169 173
346
655
298
121
831
772
122
181
674 681
554
113
948
268
874
641
301
457
629
179
777
151 327
456
468
688
875
893
278
593
706
239
69 85
671
711 717
510 512
667
588
195 198
584
594
691
656
587 590
100
304 307
913
299
467
779
45
83
48
430
574
861 866
705 721
2 12
782 788
970
6 8
136
255
832 837
855
998
34
802
41
978
925
611
949 953
42
92
54 57
905
453
349
489
0 10
961 965
21
341 366
602
466 469
247
396
481 487
867
708
565
511 521
885 891
303
580 581
926
326
56
508
245
194
520
447 464
371 375
632 806
16
20 44
74
786
951
543 547
639
720 731
94 99
784
379
738
127
989
418 427
564 568
760 769
942
570
22
994
516
750 751
235
990 995
592
975
435
201
501 503
997
296
869
315
87
417 419
460
589 599
323
369
821
983
519
553 572
284
286
125
81
966
222
159
789 795
90
776
248 250
980 984
957 958
583 585
579 582
849
833 838
111
360
46 49
823
955
274
896
507
555
550
24
652
142
328
499
873 876
695 700
771
164
727
742
77
856 862
628 634
872 881
981 982
922
292
403 407
216
149
522 523
540
470 475
845
739
332
25
844
84 93
895
344 350
177
391
399 413
826
996 999
635 659
449 458
743
428 434
58 61
174
472
78
147 150
330 335
27 36
217
729
348
536
624 630
448
193
614
400
619 622
653 657
156 157
280 289
613
497
560
591
213
148
342
243 246
551
225
698 699
637 643
646
338 343
901 904
713
842
308
719
33
91 95
38
29
756
908
141
7
665 666
212
829
663
265
331 337
741
309
977 979
316
662 668
631 633
138 143
119 123
853 858
766
697 701
70
120
182 188
4
361
272
714 715
848
31 32
524 527
945 947
730
358
66 67
694
907
811
887
102 104
210
549
154
240
575
176
161 175
755
62
319
241
689 752
768
502
767
747
600 603
488
923
218 223
964
616
334
14
790
963
933
276
612 620
604
441
356
204 215
498 518
680
513 517
107
490 492
47 53
134 144
421
15 18
405 408
679
259 266
168 171
525 535
293
672
406
986
636 651
13
870
740 749
353 363
137 146
946 952
803
397
411
884 902
686 696
200 206
254
850
185 191
796 801
972
322 324
909 915
370
35
55 101
166
9
650
647
935
745
96 97
610
463
773 774
919 920
804
473
843
393
359 365
145
196
270 295
954
950
352
162 165
654
878
627
197
416
199 253
282
824 825
186
420
871 879
690
19
461 465
108 114
388 398
362
130 133
810 817
819
814 816
287
3
847 857
787
976
340
601 618
780
724
514
677
233
11
313
687
192
237 242
515
916 928
748
377
707
509
617 625
890
116 117
135
992
936
75
807
491
678
880
51 52
439
228
985 991
703 709
184
888
546
220
437 444
252 262
704
106
386 392
412
275
660 673
294
89
485
462
258
734
822
401 402
642
367
103
380
105 115
576
63
112
454 455
757
558 563
505
770 793
211
939
658
155 158
208
452 459
98
23
251
562 566
927 932
557
314
812
877
640
450
451
378
886
288 297
389
277
381
669
387
109
504
754
170
836
815
423
712
702
726 737
329
229
785
279
526
305
864
732
682
534 586
312
670 675
281
733
638
436
167
987
178
60
676 684
889
852
394 395
797 800
506
76 82
271 273
283
960 967
735 744
775
805 808
429
