749
378
435
477
83
639
326
296
370
554
489
557
843
286
319
166
229
886
650
391
786
906
334
924
216
441
921
997
925
217
281
189
446
706
351
780
803
694
397
233
648
309
298
746
367
531
983
504
869
845
718
255
616
364
732
642
107
905
610
127
819
440
261
734
456
959
942
987
219
277
742
23
103
597
570
268
181
308
975
254
11
340
39
591
92
356
540
756
854
284
170
63
725
555
895
3
258
132
279
727
179
621
713
416
442
559
301
849
505
827
43
926
111
641
592
549
267
347
213
141
374
90
792
303
212
77
733
950
604
944
514
889
42
654
994
546
98
830
352
822
811
282
575
855
778
28
799
333
807
311
473
380
550
629
986
874
1
790
724
328
860
450
354
887
992
411
433
908
317
815
877
283
139
41
323
174
948
791
691
176
431
850
177
656
567
508
913
500
745
48
532
463
483
136
671
652
878
842
325
663
314
533
342
292
971
360
194
21
722
888
594
493
844
821
293
74
933
275
232
723
936
421
240
278
106
260
848
640
539
935
24
209
896
708
389
13
203
439
451
647
159
551
276
593
60
460
776
923
377
939
768
109
9
122
969
761
381
839
747
70
113
574
358
220
644
560
302
509
748
978
890
87
14
688
287
222
772
379
235
294
515
348
423
692
900
565
998
739
682
667
605
239
693
81
148
736
457
480
859
369
764
954
25
569
272
584
864
917
135
211
785
205
225
738
899
602
346
576
863
33
702
425
938
192
472
649
707
851
38
852
690
907
193
606
436
488
167
312
823
19
802
809
462
120
75
880
704
687
729
970
393
142
519
520
357
430
16
777
767
149
812
678
730
829
316
658
412
556
387
140
870
230
154
228
779
976
596
329
100
187
613
453
502
719
536
400
184
875
265
627
507
538
672
826
396
361
804
448
680
506
125
831
966
468
485
972
526
196
787
655
963
611
766
121
202
247
7
757
669
712
349
186
420
34
201
479
836
530
922
320
164
645
588
22
332
89
754
771
820
623
728
914
274
73
741
145
208
497
241
638
4
516
775
362
893
56
178
743
491
245
29
561
677
45
210
755
50
429
951
62
867
955
406
300
404
35
78
931
110
5
962
305
679
17
541
784
646
614
251
865
964
499
315
112
989
299
467
486
313
197
626
2 6
8 10
12 15
18 20
26 27
30 31
32 36
37 40
44 46
47 49
51 52
53 54
55 57
58 59
61 64
65 66
67 68
69 71
72 76
79 80
82 84
85 86
88 91
93 94
95 96
97 99
101 102
104 105
108 114
115 116
117 118
119 123
124 126
128 129
130 131
133 134
137 138
143 144
146 147
150 151
152 153
155 156
157 158
160 161
162 163
165 168
169 171
172 173
175 180
182 183
185 188
190 191
195 198
199 200
204 206
207 214
215 218
221 223
224 226
227 231
234 236
237 238
242 243
244 246
248 249
250 252
253 256
257 259
262 263
264 266
269 270
271 273
280 285
288 289
290 291
295 297
304 306
307 310
318 321
322 324
327 330
331 335
336 337
338 339
341 343
344 345
350 353
355 359
363 365
366 368
371 372
373 375
376 382
383 384
385 386
388 390
392 394
395 398
399 401
402 403
405 407
408 409
410 413
414 415
417 418
419 422
424 426
427 428
432 434
437 438
443 444
445 447
449 452
454 455
458 459
461 464
465 466
469 470
471 474
475 476
478 481
482 484
487 490
492 494
495 496
498 501
503 510
511 512
513 517
518 521
522 523
524 525
527 528
529 534
535 537
542 543
544 545
547 548
552 553
558 562
563 564
566 568
571 572
573 577
578 579
580 581
582 583
585 586
587 589
590 595
598 599
600 601
603 607
608 609
612 615
617 618
619 620
622 624
625 628
630 631
632 633
634 635
636 637
643 651
653 657
659 660
661 662
664 665
666 668
670 673
674 675
676 681
683 684
685 686
689 695
696 697
698 699
700 701
703 705
709 710
711 714
715 716
717 720
721 726
731 735
737 740
744 749
750 751
752 753
758 759
760 762
763 765
769 770
773 774
781 782
783 788
789 793
794 795
796 797
798 800
801 805
806 808
810 813
814 816
817 818
824 825
828 832
833 834
835 837
838 840
841 846
847 853
856 857
858 861
862 866
868 871
872 873
876 879
881 882
883 884
885 891
892 894
897 898
901 902
903 904
909 910
911 912
915 916
918 919
920 927
928 929
930 932
934 937
940 941
943 945
946 947
949 952
953 956
957 958
960 961
965 967
968 973
974 977
979 980
981 982
984 985
988 990
991 993
995 996
999 